  ms_access.cpp
C:\Users\Andre-PC\source\repos\ms_access\ms_access\ms_access.cpp(22,29): warning C4838: conversion from 'int' to 'char' requires a narrowing conversion
C:\Users\Andre-PC\source\repos\ms_access\ms_access\ms_access.cpp(22,29): warning C4309: 'initializing': truncation of constant value
C:\Users\Andre-PC\source\repos\ms_access\ms_access\ms_access.cpp(22,34): warning C4838: conversion from 'int' to 'char' requires a narrowing conversion
C:\Users\Andre-PC\source\repos\ms_access\ms_access\ms_access.cpp(22,34): warning C4309: 'initializing': truncation of constant value
C:\Users\Andre-PC\source\repos\ms_access\ms_access\ms_access.cpp(22,39): warning C4838: conversion from 'int' to 'char' requires a narrowing conversion
C:\Users\Andre-PC\source\repos\ms_access\ms_access\ms_access.cpp(22,39): warning C4309: 'initializing': truncation of constant value
C:\Users\Andre-PC\source\repos\ms_access\ms_access\ms_access.cpp(22,59): warning C4838: conversion from 'int' to 'char' requires a narrowing conversion
C:\Users\Andre-PC\source\repos\ms_access\ms_access\ms_access.cpp(22,59): warning C4309: 'initializing': truncation of constant value
C:\Users\Andre-PC\source\repos\ms_access\ms_access\ms_access.cpp(22,64): warning C4838: conversion from 'int' to 'char' requires a narrowing conversion
C:\Users\Andre-PC\source\repos\ms_access\ms_access\ms_access.cpp(22,64): warning C4309: 'initializing': truncation of constant value
C:\Users\Andre-PC\source\repos\ms_access\ms_access\ms_access.cpp(22,69): warning C4838: conversion from 'int' to 'char' requires a narrowing conversion
C:\Users\Andre-PC\source\repos\ms_access\ms_access\ms_access.cpp(22,69): warning C4309: 'initializing': truncation of constant value
C:\Users\Andre-PC\source\repos\ms_access\ms_access\ms_access.cpp(23,39): warning C4838: conversion from 'int' to 'char' requires a narrowing conversion
C:\Users\Andre-PC\source\repos\ms_access\ms_access\ms_access.cpp(23,39): warning C4309: 'initializing': truncation of constant value
C:\Users\Andre-PC\source\repos\ms_access\ms_access\ms_access.cpp(23,49): warning C4838: conversion from 'int' to 'char' requires a narrowing conversion
C:\Users\Andre-PC\source\repos\ms_access\ms_access\ms_access.cpp(23,49): warning C4309: 'initializing': truncation of constant value
C:\Users\Andre-PC\source\repos\ms_access\ms_access\ms_access.cpp(23,54): warning C4838: conversion from 'int' to 'char' requires a narrowing conversion
C:\Users\Andre-PC\source\repos\ms_access\ms_access\ms_access.cpp(23,54): warning C4309: 'initializing': truncation of constant value
C:\Users\Andre-PC\source\repos\ms_access\ms_access\ms_access.cpp(23,69): warning C4838: conversion from 'int' to 'char' requires a narrowing conversion
C:\Users\Andre-PC\source\repos\ms_access\ms_access\ms_access.cpp(23,69): warning C4309: 'initializing': truncation of constant value
C:\Users\Andre-PC\source\repos\ms_access\ms_access\ms_access.cpp(25,43): warning C4838: conversion from 'int' to 'short' requires a narrowing conversion
C:\Users\Andre-PC\source\repos\ms_access\ms_access\ms_access.cpp(25,43): warning C4309: 'initializing': truncation of constant value
C:\Users\Andre-PC\source\repos\ms_access\ms_access\ms_access.cpp(25,50): warning C4838: conversion from 'int' to 'short' requires a narrowing conversion
C:\Users\Andre-PC\source\repos\ms_access\ms_access\ms_access.cpp(25,50): warning C4309: 'initializing': truncation of constant value
C:\Users\Andre-PC\source\repos\ms_access\ms_access\ms_access.cpp(25,57): warning C4838: conversion from 'int' to 'short' requires a narrowing conversion
C:\Users\Andre-PC\source\repos\ms_access\ms_access\ms_access.cpp(25,57): warning C4309: 'initializing': truncation of constant value
C:\Users\Andre-PC\source\repos\ms_access\ms_access\ms_access.cpp(26,29): warning C4838: conversion from 'int' to 'short' requires a narrowing conversion
C:\Users\Andre-PC\source\repos\ms_access\ms_access\ms_access.cpp(26,29): warning C4309: 'initializing': truncation of constant value
C:\Users\Andre-PC\source\repos\ms_access\ms_access\ms_access.cpp(27,11): warning C4838: conversion from 'int' to 'short' requires a narrowing conversion
C:\Users\Andre-PC\source\repos\ms_access\ms_access\ms_access.cpp(27,11): warning C4309: 'initializing': truncation of constant value
C:\Users\Andre-PC\source\repos\ms_access\ms_access\ms_access.cpp(27,18): warning C4838: conversion from 'int' to 'short' requires a narrowing conversion
C:\Users\Andre-PC\source\repos\ms_access\ms_access\ms_access.cpp(27,18): warning C4309: 'initializing': truncation of constant value
C:\Users\Andre-PC\source\repos\ms_access\ms_access\ms_access.cpp(28,18): warning C4838: conversion from 'int' to 'short' requires a narrowing conversion
C:\Users\Andre-PC\source\repos\ms_access\ms_access\ms_access.cpp(28,18): warning C4309: 'initializing': truncation of constant value
C:\Users\Andre-PC\source\repos\ms_access\ms_access\ms_access.cpp(102,22): warning C4244: '=': conversion from 'short' to 'char', possible loss of data
  Generating code
  3 of 108 functions ( 2.8%) were compiled, the rest were copied from previous compilation.
    0 functions were new in current compilation
    0 functions had inline decision re-evaluated but remain unchanged
  Finished generating code
  ms_access.vcxproj -> C:\Users\Andre-PC\source\repos\ms_access\Release\ms_access.exe
